This is pdfTeX, Version 3.1415926-2.5-1.40.14 (MiKTeX 2.9 64-bit) (preloaded format=pdflatex 2014.9.29)  27 APR 2015 02:43
entering extended mode
**KD-Final*Report.tex

("E:\Kings College London\Computer Science\Final Year Project\Final report\Late
x\KD-Final Report.tex"
LaTeX2e <2011/06/27>
Babel <v3.8m> and hyphenation patterns for english, afrikaans, ancientgreek, ar
abic, armenian, assamese, basque, bengali, bokmal, bulgarian, catalan, coptic, 
croatian, czech, danish, dutch, esperanto, estonian, farsi, finnish, french, ga
lician, german, german-x-2013-05-26, greek, gujarati, hindi, hungarian, iceland
ic, indonesian, interlingua, irish, italian, kannada, kurmanji, latin, latvian,
 lithuanian, malayalam, marathi, mongolian, mongolianlmc, monogreek, ngerman, n
german-x-2013-05-26, nynorsk, oriya, panjabi, pinyin, polish, portuguese, roman
ian, russian, sanskrit, serbian, slovak, slovenian, spanish, swedish, swissgerm
an, tamil, telugu, turkish, turkmen, ukenglish, ukrainian, uppersorbian, usengl
ishmax, welsh, loaded.

("E:\Kings College London\Computer Science\Final Year Project\Final report\Late
x\informatics-report.cls"
("C:\Program Files\MiKTeX 2.9\tex\latex\base\report.cls"
Document Class: report 2007/10/19 v1.4h Standard LaTeX document class
("C:\Program Files\MiKTeX 2.9\tex\latex\base\size10.clo"
File: size10.clo 2007/10/19 v1.4h Standard LaTeX file (size option)
)
\c@part=\count79
\c@chapter=\count80
\c@section=\count81
\c@subsection=\count82
\c@subsubsection=\count83
\c@paragraph=\count84
\c@subparagraph=\count85
\c@figure=\count86
\c@table=\count87
\abovecaptionskip=\skip41
\belowcaptionskip=\skip42
\bibindent=\dimen102
)
Document Class: informatics-report 2012/10/07 Informatics Final Year Project Re
port Class
("C:\Program Files\MiKTeX 2.9\tex\latex\graphics\graphicx.sty"
Package: graphicx 1999/02/16 v1.0f Enhanced LaTeX Graphics (DPC,SPQR)

("C:\Program Files\MiKTeX 2.9\tex\latex\graphics\keyval.sty"
Package: keyval 1999/03/16 v1.13 key=value parser (DPC)
\KV@toks@=\toks14
)
("C:\Program Files\MiKTeX 2.9\tex\latex\graphics\graphics.sty"
Package: graphics 2009/02/05 v1.0o Standard LaTeX Graphics (DPC,SPQR)

("C:\Program Files\MiKTeX 2.9\tex\latex\graphics\trig.sty"
Package: trig 1999/03/16 v1.09 sin cos tan (DPC)
)
("C:\Program Files\MiKTeX 2.9\tex\latex\00miktex\graphics.cfg"
File: graphics.cfg 2007/01/18 v1.5 graphics configuration of teTeX/TeXLive
)
Package graphics Info: Driver file: pdftex.def on input line 91.

("C:\Program Files\MiKTeX 2.9\tex\latex\pdftex-def\pdftex.def"
File: pdftex.def 2011/05/27 v0.06d Graphics/color for pdfTeX

("C:\Program Files\MiKTeX 2.9\tex\generic\oberdiek\infwarerr.sty"
Package: infwarerr 2010/04/08 v1.3 Providing info/warning/error messages (HO)
)
("C:\Program Files\MiKTeX 2.9\tex\generic\oberdiek\ltxcmds.sty"
Package: ltxcmds 2011/11/09 v1.22 LaTeX kernel commands for general use (HO)
)
\Gread@gobject=\count88
))
\Gin@req@height=\dimen103
\Gin@req@width=\dimen104
)
("C:\Program Files\MiKTeX 2.9\tex\latex\geometry\geometry.sty"
Package: geometry 2010/09/12 v5.6 Page Geometry

("C:\Program Files\MiKTeX 2.9\tex\generic\oberdiek\ifpdf.sty"
Package: ifpdf 2011/01/30 v2.3 Provides the ifpdf switch (HO)
Package ifpdf Info: pdfTeX in PDF mode is detected.
)
("C:\Program Files\MiKTeX 2.9\tex\generic\oberdiek\ifvtex.sty"
Package: ifvtex 2010/03/01 v1.5 Detect VTeX and its facilities (HO)
Package ifvtex Info: VTeX not detected.
)
("C:\Program Files\MiKTeX 2.9\tex\generic\ifxetex\ifxetex.sty"
Package: ifxetex 2010/09/12 v0.6 Provides ifxetex conditional
)
\Gm@cnth=\count89
\Gm@cntv=\count90
\c@Gm@tempcnt=\count91
\Gm@bindingoffset=\dimen105
\Gm@wd@mp=\dimen106
\Gm@odd@mp=\dimen107
\Gm@even@mp=\dimen108
\Gm@layoutwidth=\dimen109
\Gm@layoutheight=\dimen110
\Gm@layouthoffset=\dimen111
\Gm@layoutvoffset=\dimen112
\Gm@dimlist=\toks15

("C:\Program Files\MiKTeX 2.9\tex\latex\geometry\geometry.cfg"))
("C:\Program Files\MiKTeX 2.9\tex\latex\tools\layout.sty"
Package: layout 2000/09/25 v1.2c Show layout parameters
\oneinch=\count92
\cnt@paperwidth=\count93
\cnt@paperheight=\count94
\cnt@hoffset=\count95
\cnt@voffset=\count96
\cnt@textheight=\count97
\cnt@textwidth=\count98
\cnt@topmargin=\count99
\cnt@oddsidemargin=\count100
\cnt@evensidemargin=\count101
\cnt@headheight=\count102
\cnt@headsep=\count103
\cnt@marginparsep=\count104
\cnt@marginparwidth=\count105
\cnt@marginparpush=\count106
\cnt@footskip=\count107
\fheight=\count108
\ref@top=\count109
\ref@hoffset=\count110
\ref@voffset=\count111
\ref@head=\count112
\ref@body=\count113
\ref@foot=\count114
\ref@margin=\count115
\ref@marginwidth=\count116
\ref@marginpar=\count117
\Interval=\count118
\ExtraYPos=\count119
\PositionX=\count120
\PositionY=\count121
\ArrowLength=\count122
)
("C:\Program Files\MiKTeX 2.9\tex\latex\url\url.sty"
\Urlmuskip=\muskip10
Package: url 2013/09/16  ver 3.4  Verb mode for urls, etc.
)
("C:\Program Files\MiKTeX 2.9\tex\latex\tools\verbatim.sty"
Package: verbatim 2003/08/22 v1.5q LaTeX2e package for verbatim enhancements
\every@verbatim=\toks16
\verbatim@line=\toks17
\verbatim@in@stream=\read1
)
("C:\Program Files\MiKTeX 2.9\tex\latex\listings\listings.sty"
\lst@mode=\count123
\lst@gtempboxa=\box26
\lst@token=\toks18
\lst@length=\count124
\lst@currlwidth=\dimen113
\lst@column=\count125
\lst@pos=\count126
\lst@lostspace=\dimen114
\lst@width=\dimen115
\lst@newlines=\count127
\lst@lineno=\count128
\lst@maxwidth=\dimen116

("C:\Program Files\MiKTeX 2.9\tex\latex\listings\lstmisc.sty"
File: lstmisc.sty 2014/09/06 1.5e (Carsten Heinz)
\c@lstnumber=\count129
\lst@skipnumbers=\count130
\lst@framebox=\box27
)
("C:\Program Files\MiKTeX 2.9\tex\latex\listings\listings.cfg"
File: listings.cfg 2014/09/06 1.5e listings configuration
))
Package: listings 2014/09/06 1.5e (Carsten Heinz)

("C:\Program Files\MiKTeX 2.9\tex\latex\lm\lmodern.sty"
Package: lmodern 2009/10/30 v1.6 Latin Modern Fonts
LaTeX Font Info:    Overwriting symbol font `operators' in version `normal'
(Font)                  OT1/cmr/m/n --> OT1/lmr/m/n on input line 22.
LaTeX Font Info:    Overwriting symbol font `letters' in version `normal'
(Font)                  OML/cmm/m/it --> OML/lmm/m/it on input line 23.
LaTeX Font Info:    Overwriting symbol font `symbols' in version `normal'
(Font)                  OMS/cmsy/m/n --> OMS/lmsy/m/n on input line 24.
LaTeX Font Info:    Overwriting symbol font `largesymbols' in version `normal'
(Font)                  OMX/cmex/m/n --> OMX/lmex/m/n on input line 25.
LaTeX Font Info:    Overwriting symbol font `operators' in version `bold'
(Font)                  OT1/cmr/bx/n --> OT1/lmr/bx/n on input line 26.
LaTeX Font Info:    Overwriting symbol font `letters' in version `bold'
(Font)                  OML/cmm/b/it --> OML/lmm/b/it on input line 27.
LaTeX Font Info:    Overwriting symbol font `symbols' in version `bold'
(Font)                  OMS/cmsy/b/n --> OMS/lmsy/b/n on input line 28.
LaTeX Font Info:    Overwriting symbol font `largesymbols' in version `bold'
(Font)                  OMX/cmex/m/n --> OMX/lmex/m/n on input line 29.
LaTeX Font Info:    Overwriting math alphabet `\mathbf' in version `normal'
(Font)                  OT1/cmr/bx/n --> OT1/lmr/bx/n on input line 31.
LaTeX Font Info:    Overwriting math alphabet `\mathsf' in version `normal'
(Font)                  OT1/cmss/m/n --> OT1/lmss/m/n on input line 32.
LaTeX Font Info:    Overwriting math alphabet `\mathit' in version `normal'
(Font)                  OT1/cmr/m/it --> OT1/lmr/m/it on input line 33.
LaTeX Font Info:    Overwriting math alphabet `\mathtt' in version `normal'
(Font)                  OT1/cmtt/m/n --> OT1/lmtt/m/n on input line 34.
LaTeX Font Info:    Overwriting math alphabet `\mathbf' in version `bold'
(Font)                  OT1/cmr/bx/n --> OT1/lmr/bx/n on input line 35.
LaTeX Font Info:    Overwriting math alphabet `\mathsf' in version `bold'
(Font)                  OT1/cmss/bx/n --> OT1/lmss/bx/n on input line 36.
LaTeX Font Info:    Overwriting math alphabet `\mathit' in version `bold'
(Font)                  OT1/cmr/bx/it --> OT1/lmr/bx/it on input line 37.
LaTeX Font Info:    Overwriting math alphabet `\mathtt' in version `bold'
(Font)                  OT1/cmtt/m/n --> OT1/lmtt/m/n on input line 38.
)
("C:\Program Files\MiKTeX 2.9\tex\latex\setspace\setspace.sty"
Package: setspace 2011/12/19 v6.7a set line spacing
))
("C:\Program Files\MiKTeX 2.9\tex\latex\graphics\color.sty"
Package: color 2005/11/14 v1.0j Standard LaTeX Color (DPC)

("C:\Program Files\MiKTeX 2.9\tex\latex\00miktex\color.cfg"
File: color.cfg 2007/01/18 v1.5 color configuration of teTeX/TeXLive
)
Package color Info: Driver file: pdftex.def on input line 130.
)
("C:\Program Files\MiKTeX 2.9\tex\latex\natbib\natbib.sty"
Package: natbib 2010/09/13 8.31b (PWD, AO)
\bibhang=\skip43
\bibsep=\skip44
LaTeX Info: Redefining \cite on input line 694.
\c@NAT@ctr=\count131
)
("C:\Program Files\MiKTeX 2.9\tex\latex\placeins\placeins.sty"
Package: placeins 2005/04/18  v 2.2
)
("C:\Program Files\MiKTeX 2.9\tex\latex\amsmath\amsmath.sty"
Package: amsmath 2013/01/14 v2.14 AMS math features
\@mathmargin=\skip45

For additional information on amsmath, use the `?' option.
("C:\Program Files\MiKTeX 2.9\tex\latex\amsmath\amstext.sty"
Package: amstext 2000/06/29 v2.01

("C:\Program Files\MiKTeX 2.9\tex\latex\amsmath\amsgen.sty"
File: amsgen.sty 1999/11/30 v2.0
\@emptytoks=\toks19
\ex@=\dimen117
))
("C:\Program Files\MiKTeX 2.9\tex\latex\amsmath\amsbsy.sty"
Package: amsbsy 1999/11/29 v1.2d
\pmbraise@=\dimen118
)
("C:\Program Files\MiKTeX 2.9\tex\latex\amsmath\amsopn.sty"
Package: amsopn 1999/12/14 v2.01 operator names
)
\inf@bad=\count132
LaTeX Info: Redefining \frac on input line 210.
\uproot@=\count133
\leftroot@=\count134
LaTeX Info: Redefining \overline on input line 306.
\classnum@=\count135
\DOTSCASE@=\count136
LaTeX Info: Redefining \ldots on input line 378.
LaTeX Info: Redefining \dots on input line 381.
LaTeX Info: Redefining \cdots on input line 466.
\Mathstrutbox@=\box28
\strutbox@=\box29
\big@size=\dimen119
LaTeX Font Info:    Redeclaring font encoding OML on input line 566.
LaTeX Font Info:    Redeclaring font encoding OMS on input line 567.
\macc@depth=\count137
\c@MaxMatrixCols=\count138
\dotsspace@=\muskip11
\c@parentequation=\count139
\dspbrk@lvl=\count140
\tag@help=\toks20
\row@=\count141
\column@=\count142
\maxfields@=\count143
\andhelp@=\toks21
\eqnshift@=\dimen120
\alignsep@=\dimen121
\tagshift@=\dimen122
\tagwidth@=\dimen123
\totwidth@=\dimen124
\lineht@=\dimen125
\@envbody=\toks22
\multlinegap=\skip46
\multlinetaggap=\skip47
\mathdisplay@stack=\toks23
LaTeX Info: Redefining \[ on input line 2665.
LaTeX Info: Redefining \] on input line 2666.
)
("C:\Program Files\MiKTeX 2.9\tex\latex\base\fixltx2e.sty"
Package: fixltx2e 2006/09/13 v1.1m fixes to LaTeX
LaTeX Info: Redefining \em on input line 420.
LaTeX Info: The control sequence `\[' is already robust on input line 471.
LaTeX Info: The control sequence `\]' is already robust on input line 472.
)
("C:\Program Files\MiKTeX 2.9\tex\latex\xcolor\xcolor.sty"
Package: xcolor 2007/01/21 v2.11 LaTeX color extensions (UK)

("C:\Program Files\MiKTeX 2.9\tex\latex\00miktex\color.cfg"
File: color.cfg 2007/01/18 v1.5 color configuration of teTeX/TeXLive
)
Package xcolor Info: Driver file: pdftex.def on input line 225.
LaTeX Info: Redefining \color on input line 702.
Package xcolor Info: Model `cmy' substituted by `cmy0' on input line 1337.
Package xcolor Info: Model `hsb' substituted by `rgb' on input line 1341.
Package xcolor Info: Model `RGB' extended on input line 1353.
Package xcolor Info: Model `HTML' substituted by `rgb' on input line 1355.
Package xcolor Info: Model `Hsb' substituted by `hsb' on input line 1356.
Package xcolor Info: Model `tHsb' substituted by `hsb' on input line 1357.
Package xcolor Info: Model `HSB' substituted by `hsb' on input line 1358.
Package xcolor Info: Model `Gray' substituted by `gray' on input line 1359.
Package xcolor Info: Model `wave' substituted by `hsb' on input line 1360.
)
("C:\Program Files\MiKTeX 2.9\tex\latex\caption\caption.sty"
Package: caption 2013/05/02 v3.3-89 Customizing captions (AR)

("C:\Program Files\MiKTeX 2.9\tex\latex\caption\caption3.sty"
Package: caption3 2013/05/02 v1.6-88 caption3 kernel (AR)
Package caption3 Info: TeX engine: e-TeX on input line 57.
\captionmargin=\dimen126
\captionmargin@=\dimen127
\captionwidth=\dimen128
\caption@tempdima=\dimen129
\caption@indent=\dimen130
\caption@parindent=\dimen131
\caption@hangindent=\dimen132
)
\c@ContinuedFloat=\count144
Package caption Info: listings package is loaded.
)
("E:\Kings College London\Computer Science\Final Year Project\Final report\Late
x\KD-Final Report.aux"
("E:\Kings College London\Computer Science\Final Year Project\Final report\Late
x\Chapters/Introduction.aux")
("E:\Kings College London\Computer Science\Final Year Project\Final report\Late
x\Chapters/Background.aux")
("E:\Kings College London\Computer Science\Final Year Project\Final report\Late
x\Chapters/Specification.aux")
("E:\Kings College London\Computer Science\Final Year Project\Final report\Late
x\Chapters/Design.aux")
("E:\Kings College London\Computer Science\Final Year Project\Final report\Late
x\Chapters/Implementation.aux")
("E:\Kings College London\Computer Science\Final Year Project\Final report\Late
x\Chapters/Testing.aux")
("E:\Kings College London\Computer Science\Final Year Project\Final report\Late
x\Chapters/Evaluation.aux")
("E:\Kings College London\Computer Science\Final Year Project\Final report\Late
x\Chapters/ProfessionalIssues.aux")
("E:\Kings College London\Computer Science\Final Year Project\Final report\Late
x\Chapters/Conclusion.aux")
("E:\Kings College London\Computer Science\Final Year Project\Final report\Late
x\Appendices/appendix.aux")
("E:\Kings College London\Computer Science\Final Year Project\Final report\Late
x\Appendices/UserGuide.aux")
("E:\Kings College London\Computer Science\Final Year Project\Final report\Late
x\Appendices/SourceCode.aux"))
LaTeX Font Info:    Checking defaults for OML/cmm/m/it on input line 120.
LaTeX Font Info:    ... okay on input line 120.
LaTeX Font Info:    Checking defaults for T1/cmr/m/n on input line 120.
LaTeX Font Info:    ... okay on input line 120.
LaTeX Font Info:    Checking defaults for OT1/cmr/m/n on input line 120.
LaTeX Font Info:    ... okay on input line 120.
LaTeX Font Info:    Checking defaults for OMS/cmsy/m/n on input line 120.
LaTeX Font Info:    ... okay on input line 120.
LaTeX Font Info:    Checking defaults for OMX/cmex/m/n on input line 120.
LaTeX Font Info:    ... okay on input line 120.
LaTeX Font Info:    Checking defaults for U/cmr/m/n on input line 120.
LaTeX Font Info:    ... okay on input line 120.
LaTeX Font Info:    Try loading font information for OT1+lmr on input line 120.


("C:\Program Files\MiKTeX 2.9\tex\latex\lm\ot1lmr.fd"
File: ot1lmr.fd 2009/10/30 v1.6 Font defs for Latin Modern
)
("C:\Program Files\MiKTeX 2.9\tex\context\base\supp-pdf.mkii"
[Loading MPS to PDF converter (version 2006.09.02).]
\scratchcounter=\count145
\scratchdimen=\dimen133
\scratchbox=\box30
\nofMPsegments=\count146
\nofMParguments=\count147
\everyMPshowfont=\toks24
\MPscratchCnt=\count148
\MPscratchDim=\dimen134
\MPnumerator=\count149
\makeMPintoPDFobject=\count150
\everyMPtoPDFconversion=\toks25
)
*geometry* driver: auto-detecting
*geometry* detected driver: pdftex
*geometry* verbose mode - [ preamble ] result:
* driver: pdftex
* paper: <default>
* layout: <same size as paper>
* layoutoffset:(h,v)=(0.0pt,0.0pt)
* modes: 
* h-part:(L,W,R)=(137.31255pt, 339.6699pt, 137.31255pt)
* v-part:(T,H,B)=(101.17755pt, 621.52245pt, 72.26999pt)
* \paperwidth=614.295pt
* \paperheight=794.96999pt
* \textwidth=339.6699pt
* \textheight=621.52245pt
* \oddsidemargin=65.04256pt
* \evensidemargin=65.04256pt
* \topmargin=-8.09244pt
* \headheight=12.0pt
* \headsep=25.0pt
* \topskip=10.0pt
* \footskip=30.0pt
* \marginparwidth=65.0pt
* \marginparsep=11.0pt
* \columnsep=10.0pt
* \skip\footins=9.0pt plus 4.0pt minus 2.0pt
* \hoffset=0.0pt
* \voffset=0.0pt
* \mag=1000
* \@twocolumnfalse
* \@twosidefalse
* \@mparswitchfalse
* \@reversemarginfalse
* (1in=72.27pt=25.4mm, 1cm=28.453pt)

\c@lstlisting=\count151
Package caption Info: Begin \AtBeginDocument code.
Package caption Info: End \AtBeginDocument code.
*geometry* verbose mode - [ newgeometry ] result:
* driver: pdftex
* paper: <default>
* layout: <same size as paper>
* layoutoffset:(h,v)=(0.0pt,0.0pt)
* modes: 
* h-part:(L,W,R)=(92.14519pt, 430.00462pt, 92.14519pt)
* v-part:(T,H,B)=(57.81621pt, 641.75641pt, 95.39737pt)
* \paperwidth=614.295pt
* \paperheight=794.96999pt
* \textwidth=430.00462pt
* \textheight=641.75641pt
* \oddsidemargin=19.8752pt
* \evensidemargin=19.8752pt
* \topmargin=-51.45378pt
* \headheight=12.0pt
* \headsep=25.0pt
* \topskip=10.0pt
* \footskip=30.0pt
* \marginparwidth=65.0pt
* \marginparsep=11.0pt
* \columnsep=10.0pt
* \skip\footins=9.0pt plus 4.0pt minus 2.0pt
* \hoffset=0.0pt
* \voffset=0.0pt
* \mag=1000
* \@twocolumnfalse
* \@twosidefalse
* \@mparswitchfalse
* \@reversemarginfalse
* (1in=72.27pt=25.4mm, 1cm=28.453pt)

<FrontMatter/logo.png, id=1, 234.8775pt x 214.8025pt>
File: FrontMatter/logo.png Graphic file (type png)

<use FrontMatter/logo.png>
Package pdftex.def Info: FrontMatter/logo.png used on input line 121.
(pdftex.def)             Requested size: 93.94933pt x 85.91946pt.
 [1


{C:/ProgramData/MiKTeX/2.9/pdftex/config/pdftex.map} <E:/Kings College London/C
omputer Science/Final Year Project/Final report/Latex/FrontMatter/logo.png (PNG
 copy)>]
("E:\Kings College London\Computer Science\Final Year Project\Final report\Late
x\FrontMatter/abstract.tex") [1

]
Underfull \hbox (badness 10000) in paragraph at lines 121--121

 []

[1]
("E:\Kings College London\Computer Science\Final Year Project\Final report\Late
x\FrontMatter/acknowledgements.tex") [0

]
("E:\Kings College London\Computer Science\Final Year Project\Final report\Late
x\KD-Final Report.toc"
LaTeX Font Info:    Try loading font information for OML+lmm on input line 2.
 ("C:\Program Files\MiKTeX 2.9\tex\latex\lm\omllmm.fd"
File: omllmm.fd 2009/10/30 v1.6 Font defs for Latin Modern
)
LaTeX Font Info:    Try loading font information for OMS+lmsy on input line 2.

("C:\Program Files\MiKTeX 2.9\tex\latex\lm\omslmsy.fd"
File: omslmsy.fd 2009/10/30 v1.6 Font defs for Latin Modern
)
LaTeX Font Info:    Try loading font information for OMX+lmex on input line 2.

("C:\Program Files\MiKTeX 2.9\tex\latex\lm\omxlmex.fd"
File: omxlmex.fd 2009/10/30 v1.6 Font defs for Latin Modern
)
LaTeX Font Info:    External font `lmex10' loaded for size
(Font)              <10> on input line 2.
LaTeX Font Info:    External font `lmex10' loaded for size
(Font)              <7> on input line 2.
LaTeX Font Info:    External font `lmex10' loaded for size
(Font)              <5> on input line 2.
 [1

])
\tf@toc=\write3
 [2]
("E:\Kings College London\Computer Science\Final Year Project\Final report\Late
x\Chapters/Introduction.tex"
Chapter 1.
[3


] [4]
LaTeX Font Info:    Try loading font information for OMS+lmr on input line 39.
 ("C:\Program Files\MiKTeX 2.9\tex\latex\lm\omslmr.fd"
File: omslmr.fd 2009/10/30 v1.6 Font defs for Latin Modern
)
LaTeX Font Info:    Font shape `OMS/lmr/m/n' in size <10> not available
(Font)              Font shape `OMS/lmsy/m/n' tried instead on input line 39.
 [5]) [6]
("E:\Kings College London\Computer Science\Final Year Project\Final report\Late
x\Chapters/Background.tex"
Chapter 2.
LaTeX Font Info:    External font `lmex10' loaded for size
(Font)              <8> on input line 16.
LaTeX Font Info:    External font `lmex10' loaded for size
(Font)              <6> on input line 16.
LaTeX Font Info:    Try loading font information for OT1+lmtt on input line 16.

("C:\Program Files\MiKTeX 2.9\tex\latex\lm\ot1lmtt.fd"
File: ot1lmtt.fd 2009/10/30 v1.6 Font defs for Latin Modern
) [7



] [8]
<Figures/iBus.png, id=48, 407.27156pt x 427.5975pt>
File: Figures/iBus.png Graphic file (type png)
 <use Figures/iBus.png>
Package pdftex.def Info: Figures/iBus.png used on input line 36.
(pdftex.def)             Requested size: 339.6699pt x 356.63486pt.

[9] [10 <E:/Kings College London/Computer Science/Final Year Project/Final repo
rt/Latex/Figures/iBus.png>] [11] [12]
<Figures/modelsProsCons.png, id=64, 660.96938pt x 432.11438pt>
File: Figures/modelsProsCons.png Graphic file (type png)

<use Figures/modelsProsCons.png>
Package pdftex.def Info: Figures/modelsProsCons.png used on input line 90.
(pdftex.def)             Requested size: 339.6699pt x 222.06995pt.
 [13] [14 <E:/Kings College London/Computer Science/Final Year Project/Final re
port/Latex/Figures/modelsProsCons.png>]
Overfull \hbox (3.24811pt too wide) in paragraph at lines 102--103
[]\OT1/lmr/bx/n/10 Seasonal \OT1/lmr/m/n/10 - sea-son-al-ity oc-curs when the t
ime se-ries ex-hibits reg-u-lar repete-
 []


Overfull \hbox (5.23737pt too wide) in paragraph at lines 102--103
\OT1/lmr/m/n/10 tive fluc-tu-a-tions. For in-stance, tem-per-a-tures peaks dur-
ing sum-mer months
 []

<Figures/timeSeriesDataComponents.png, id=72, 393.72093pt x 298.11375pt>
File: Figures/timeSeriesDataComponents.png Graphic file (type png)

<use Figures/timeSeriesDataComponents.png>
Package pdftex.def Info: Figures/timeSeriesDataComponents.png used on input lin
e 107.
(pdftex.def)             Requested size: 339.6699pt x 257.18707pt.
 [15 <E:/Kings College London/Computer Science/Final Year Project/Final report/
Latex/Figures/timeSeriesDataComponents.png>] [16] <Figures/smaTable.png, id=80,
 209.28188pt x 166.37157pt>
File: Figures/smaTable.png Graphic file (type png)

<use Figures/smaTable.png>
Package pdftex.def Info: Figures/smaTable.png used on input line 130.
(pdftex.def)             Requested size: 209.28134pt x 166.37114pt.

<Figures/smaGraph.png, id=81, 456.20438pt x 256.70906pt>
File: Figures/smaGraph.png Graphic file (type png)

<use Figures/smaGraph.png>
Package pdftex.def Info: Figures/smaGraph.png used on input line 136.
(pdftex.def)             Requested size: 339.6699pt x 191.14075pt.
 [17 <E:/Kings College London/Computer Science/Final Year Project/Final report/
Latex/Figures/smaTable.png> <E:/Kings College London/Computer Science/Final Yea
r Project/Final report/Latex/Figures/smaGraph.png>]
<Figures/cmaTable.png, id=91, 210.03468pt x 166.37157pt>
File: Figures/cmaTable.png Graphic file (type png)

<use Figures/cmaTable.png>
Package pdftex.def Info: Figures/cmaTable.png used on input line 144.
(pdftex.def)             Requested size: 210.03416pt x 166.37114pt.

<Figures/cmaGraph.png, id=92, 456.20438pt x 256.70906pt>
File: Figures/cmaGraph.png Graphic file (type png)

<use Figures/cmaGraph.png>
Package pdftex.def Info: Figures/cmaGraph.png used on input line 150.
(pdftex.def)             Requested size: 339.6699pt x 191.14075pt.
 [18 <E:/Kings College London/Computer Science/Final Year Project/Final report/
Latex/Figures/cmaTable.png> <E:/Kings College London/Computer Science/Final Yea
r Project/Final report/Latex/Figures/cmaGraph.png>]
<Figures/wmaTable.png, id=98, 344.03531pt x 166.37157pt>
File: Figures/wmaTable.png Graphic file (type png)

<use Figures/wmaTable.png>
Package pdftex.def Info: Figures/wmaTable.png used on input line 166.
(pdftex.def)             Requested size: 344.03447pt x 166.37114pt.

<Figures/wmaGraph.png, id=99, 456.20438pt x 256.70906pt>
File: Figures/wmaGraph.png Graphic file (type png)

<use Figures/wmaGraph.png>
Package pdftex.def Info: Figures/wmaGraph.png used on input line 172.
(pdftex.def)             Requested size: 339.6699pt x 191.14075pt.
 [19] [20 <E:/Kings College London/Computer Science/Final Year Project/Final re
port/Latex/Figures/wmaTable.png> <E:/Kings College London/Computer Science/Fina
l Year Project/Final report/Latex/Figures/wmaGraph.png>] <Figures/emaTable.png,
 id=108, 512.66531pt x 166.37157pt>
File: Figures/emaTable.png Graphic file (type png)

<use Figures/emaTable.png>
Package pdftex.def Info: Figures/emaTable.png used on input line 186.
(pdftex.def)             Requested size: 339.6699pt x 110.23204pt.

<Figures/emaGraph.png, id=109, 456.20438pt x 256.70906pt>
File: Figures/emaGraph.png Graphic file (type png)

<use Figures/emaGraph.png>
Package pdftex.def Info: Figures/emaGraph.png used on input line 192.
(pdftex.def)             Requested size: 339.6699pt x 191.14075pt.
 [21 <E:/Kings College London/Computer Science/Final Year Project/Final report/
Latex/Figures/emaTable.png>] [22 <E:/Kings College London/Computer Science/Fina
l Year Project/Final report/Latex/Figures/emaGraph.png>] <Figures/peakExampleGr
aph.png, id=119, 455.45157pt x 256.70906pt>
File: Figures/peakExampleGraph.png Graphic file (type png)

<use Figures/peakExampleGraph.png>
Package pdftex.def Info: Figures/peakExampleGraph.png used on input line 216.
(pdftex.def)             Requested size: 339.6699pt x 191.45412pt.
 [23]) [24 <E:/Kings College London/Computer Science/Final Year Project/Final r
eport/Latex/Figures/peakExampleGraph.png>]
("E:\Kings College London\Computer Science\Final Year Project\Final report\Late
x\Chapters/Specification.tex"
Chapter 3.
[25



] [26]) [27]
("E:\Kings College London\Computer Science\Final Year Project\Final report\Late
x\Chapters/Design.tex"
Chapter 4.
[28



] [29] <Figures/UseCases.png, id=143, 510.4671pt x 581.89395pt>
File: Figures/UseCases.png Graphic file (type png)

<use Figures/UseCases.png>
Package pdftex.def Info: Figures/UseCases.png used on input line 31.
(pdftex.def)             Requested size: 407.60284pt x 464.65453pt.
 [30] [31 <E:/Kings College London/Computer Science/Final Year Project/Final re
port/Latex/Figures/UseCases.png>] [32]
<Figures/Architecture.png, id=153, 472.164pt x 615.9813pt>
File: Figures/Architecture.png Graphic file (type png)

<use Figures/Architecture.png>
Package pdftex.def Info: Figures/Architecture.png used on input line 56.
(pdftex.def)             Requested size: 407.60284pt x 531.7544pt.
 [33] [34 <E:/Kings College London/Computer Science/Final Year Project/Final re
port/Latex/Figures/Architecture.png>]
<Figures/StateDiagram.png, id=162, 414.8298pt x 506.6127pt>
File: Figures/StateDiagram.png Graphic file (type png)

<use Figures/StateDiagram.png>
Package pdftex.def Info: Figures/StateDiagram.png used on input line 66.
(pdftex.def)             Requested size: 407.60284pt x 497.79892pt.
 [35] [36 <E:/Kings College London/Computer Science/Final Year Project/Final re
port/Latex/Figures/StateDiagram.png>] [37]
[38] <Figures/Class.png, id=175, 563.9469pt x 809.424pt>
File: Figures/Class.png Graphic file (type png)

<use Figures/Class.png>
Package pdftex.def Info: Figures/Class.png used on input line 100.
(pdftex.def)             Requested size: 407.60284pt x 585.03268pt.
 [39] [40 <E:/Kings College London/Computer Science/Final Year Project/Final re
port/Latex/Figures/Class.png>] [41]
<Figures/guiProposal.png, id=187, 604.50844pt x 377.91188pt>
File: Figures/guiProposal.png Graphic file (type png)

<use Figures/guiProposal.png>
Package pdftex.def Info: Figures/guiProposal.png used on input line 119.
(pdftex.def)             Requested size: 339.6699pt x 212.34424pt.
) [42 <E:/Kings College London/Computer Science/Final Year Project/Final report
/Latex/Figures/guiProposal.png>]
("E:\Kings College London\Computer Science\Final Year Project\Final report\Late
x\Chapters/Implementation.tex"
Chapter 5.
[43



] [44] <Figures/ibusSampleRaw.png, id=199, 1282.03969pt x 121.95563pt>
File: Figures/ibusSampleRaw.png Graphic file (type png)

<use Figures/ibusSampleRaw.png>
Package pdftex.def Info: Figures/ibusSampleRaw.png used on input line 48.
(pdftex.def)             Requested size: 577.43779pt x 54.92975pt.

<Figures/ibusSampleFormatted.png, id=200, 1396.4672pt x 136.25906pt>
File: Figures/ibusSampleFormatted.png Graphic file (type png)

<use Figures/ibusSampleFormatted.png>
Package pdftex.def Info: Figures/ibusSampleFormatted.png used on input line 54.

(pdftex.def)             Requested size: 577.43779pt x 56.34268pt.
 [45] [46 <E:/Kings College London/Computer Science/Final Year Project/Final re
port/Latex/Figures/ibusSampleRaw.png> <E:/Kings College London/Computer Science
/Final Year Project/Final report/Latex/Figures/ibusSampleFormatted.png>]
<Figures/sectionExample.png, id=210, 953.06062pt x 230.36063pt>
File: Figures/sectionExample.png Graphic file (type png)

<use Figures/sectionExample.png>
Package pdftex.def Info: Figures/sectionExample.png used on input line 66.
(pdftex.def)             Requested size: 339.6699pt x 82.1002pt.
 [47 <E:/Kings College London/Computer Science/Final Year Project/Final report/
Latex/Figures/sectionExample.png>]
<Figures/DBModel.png, id=214, 507.5763pt x 701.019pt>
File: Figures/DBModel.png Graphic file (type png)

<use Figures/DBModel.png>
Package pdftex.def Info: Figures/DBModel.png used on input line 79.
(pdftex.def)             Requested size: 407.60284pt x 562.95529pt.
 [48] [49 <E:/Kings College London/Computer Science/Final Year Project/Final re
port/Latex/Figures/DBModel.png>] [50]
<Figures/implementationExample1.png, id=225, 956.82469pt x 103.13531pt>
File: Figures/implementationExample1.png Graphic file (type png)

<use Figures/implementationExample1.png>
Package pdftex.def Info: Figures/implementationExample1.png used on input line 
94.
(pdftex.def)             Requested size: 339.6699pt x 36.61249pt.

<Figures/implementationExample1Table.png, id=226, 310.91156pt x 222.07968pt>
File: Figures/implementationExample1Table.png Graphic file (type png)

<use Figures/implementationExample1Table.png>
Package pdftex.def Info: Figures/implementationExample1Table.png used on input 
line 100.
(pdftex.def)             Requested size: 271.73695pt x 194.09897pt.
 [51 <E:/Kings College London/Computer Science/Final Year Project/Final report/
Latex/Figures/implementationExample1.png>] [52 <E:/Kings College London/Compute
r Science/Final Year Project/Final report/Latex/Figures/implementationExample1T
able.png>] [53]
<Figures/implementationExample3.png, id=238, 956.82469pt x 124.96687pt>
File: Figures/implementationExample3.png Graphic file (type png)

<use Figures/implementationExample3.png>
Package pdftex.def Info: Figures/implementationExample3.png used on input line 
114.
(pdftex.def)             Requested size: 339.6699pt x 44.3626pt.

<Figures/implementationExample2.png, id=239, 956.82469pt x 124.96687pt>
File: Figures/implementationExample2.png Graphic file (type png)

<use Figures/implementationExample2.png>
Package pdftex.def Info: Figures/implementationExample2.png used on input line 
122.
(pdftex.def)             Requested size: 339.6699pt x 44.3626pt.
 [54 <E:/Kings College London/Computer Science/Final Year Project/Final report/
Latex/Figures/implementationExample3.png> <E:/Kings College London/Computer Sci
ence/Final Year Project/Final report/Latex/Figures/implementationExample2.png>]
 [55] [56] [57] [58]
<Figures/diversion.png, id=256, 956.82469pt x 187.45032pt>
File: Figures/diversion.png Graphic file (type png)

<use Figures/diversion.png>
Package pdftex.def Info: Figures/diversion.png used on input line 167.
(pdftex.def)             Requested size: 339.6699pt x 66.54388pt.
 [59] [60 <E:/Kings College London/Computer Science/Final Year Project/Final re
port/Latex/Figures/diversion.png>]) [61]
("E:\Kings College London\Computer Science\Final Year Project\Final report\Late
x\Chapters/Testing.tex"
Chapter 6.
[62



] [63] [64] [65] [66]
<Figures/StressTestResults.png, id=282, 1086.30844pt x 202.50656pt>
File: Figures/StressTestResults.png Graphic file (type png)

<use Figures/StressTestResults.png>
Package pdftex.def Info: Figures/StressTestResults.png used on input line 42.
(pdftex.def)             Requested size: 339.6699pt x 63.3202pt.
) [67 <E:/Kings College London/Computer Science/Final Year Project/Final report
/Latex/Figures/StressTestResults.png>]
("E:\Kings College London\Computer Science\Final Year Project\Final report\Late
x\Chapters/Evaluation.tex"
Chapter 7.
[68



] [69] [70]) [71]
("E:\Kings College London\Computer Science\Final Year Project\Final report\Late
x\Chapters/ProfessionalIssues.tex"
Chapter 8.
[72



]) [73]
("E:\Kings College London\Computer Science\Final Year Project\Final report\Late
x\Chapters/Conclusion.tex"
Chapter 9.
[74



] [75]) [76]
("E:\Kings College London\Computer Science\Final Year Project\Final report\Late
x\KD-Final Report.bbl"
Underfull \hbox (badness 10000) in paragraph at lines 10--15
[]\OT1/lmr/m/n/10 Greater Lon-don Au-thor-ity.  Num-ber of buses by type
 []


Underfull \hbox (badness 10000) in paragraph at lines 10--15
\OT1/lmr/m/n/10 of bus in lon-don.  $\OT1/lmtt/m/n/10 http : / / data . london 
. gov . uk / dataset /$
 []

[77


]
Underfull \hbox (badness 10000) in paragraph at lines 57--63
$\OT1/lmtt/m/n/10 2008 / march / transport-[]for-[]londons-[]ibus-[]wins-[]inno
vation-[]award$\OT1/lmr/m/n/10 ,
 []


Underfull \hbox (badness 10000) in paragraph at lines 65--70
$\OT1/lmtt/m/n/10 documents / uploads / forms / lbsl-[]tendering-[]and-[]contra
cting . pdf$\OT1/lmr/m/n/10 ,
 []


Underfull \hbox (badness 6608) in paragraph at lines 72--78
[]\OT1/lmr/m/n/10 Transport for Lon-don.  All lon-don's buses now fit-ted with
 []


Underfull \hbox (badness 2653) in paragraph at lines 72--78
\OT1/lmr/m/n/10 ibus.  $\OT1/lmtt/m/n/10 https : / / www . tfl . gov . uk / inf
o-[]for / media / press-[]releases /$
 []


Underfull \hbox (badness 10000) in paragraph at lines 80--85
[]\OT1/lmr/m/n/10 Transport for Lon-don.  $\OT1/lmtt/m/n/10 https : / / www . t
fl . gov .$
 []


Underfull \hbox (badness 10000) in paragraph at lines 80--85
$\OT1/lmtt/m/n/10 uk / info-[]for / media / press-[]releases / 2009 / may /$
 []


Underfull \hbox (badness 10000) in paragraph at lines 80--85
$\OT1/lmtt/m/n/10 centrecomm-[]celebrates-[]30-[]years-[]keeping-[]londons-[]bu
ses-[]moving$\OT1/lmr/m/n/10 .
 []


Underfull \hbox (badness 10000) in paragraph at lines 87--92
[]\OT1/lmr/m/n/10 Transport for Lon-don Me-dia.  $\OT1/lmtt/m/n/10 https : / / 
www . tfl .$
 []


Underfull \hbox (badness 10000) in paragraph at lines 87--92
$\OT1/lmtt/m/n/10 gov . uk / info-[]for / media / press-[]releases / 2014 / may
 /$
 []


Underfull \hbox (badness 10000) in paragraph at lines 87--92
$\OT1/lmtt/m/n/10 annual-[]passenger-[]journeys-[]on-[]london-[]s-[]buses-[]top
-[]2-[]4-[]billion$\OT1/lmr/m/n/10 .
 []

[78] [79]
Underfull \hbox (badness 1092) in paragraph at lines 183--187
[]\OT1/lmr/m/n/10 BBC News.  Ex-tra 500 buses planned for grow-ing cap-i-tal be
-fore
 []


Underfull \hbox (badness 2547) in paragraph at lines 183--187
\OT1/lmr/m/n/10 2021.  $\OT1/lmtt/m/n/10 http : / / www . bbc . co . uk / news 
/ uk-[]england-[]london-[]30285777$\OT1/lmr/m/n/10 ,
 []

[80] [81]) [82]
("E:\Kings College London\Computer Science\Final Year Project\Final report\Late
x\Appendices/appendix.tex"
Appendix A.


pdfTeX warning: pdflatex (file E:/Kings College London/Computer Science/Final Y
ear Project/Final report/Latex/Figures/shortTermForecastResearchTable.pdf): PDF
 inclusion: found PDF version <1.7>, but at most version <1.5> allowed

<Figures/shortTermForecastResearchTable.pdf, id=336, page=1, 745.46204pt x 546.
29295pt>
File: Figures/shortTermForecastResearchTable.pdf Graphic file (type pdf)
 <use Figures/shortTermForecastResearchTable.pdf, page 1>
Package pdftex.def Info: Figures/shortTermForecastResearchTable.pdf, page1 used
 on input line 5.
(pdftex.def)             Requested size: 611.40686pt x 448.06316pt.


LaTeX Warning: `h' float specifier changed to `ht'.



pdfTeX warning: pdflatex (file E:/Kings College London/Computer Science/Final Y
ear Project/Final report/Latex/Figures/shortTermForecastResearchTable.pdf): PDF
 inclusion: found PDF version <1.7>, but at most version <1.5> allowed

<Figures/shortTermForecastResearchTable.pdf, id=337, page=2, 745.46204pt x 546.
29295pt>
File: Figures/shortTermForecastResearchTable.pdf Graphic file (type pdf)
 <use Figures/shortTermForecastResearchTable.pdf, page 2>
Package pdftex.def Info: Figures/shortTermForecastResearchTable.pdf, page2 used
 on input line 11.
(pdftex.def)             Requested size: 611.40686pt x 448.06316pt.


pdfTeX warning: pdflatex (file E:/Kings College London/Computer Science/Final Y
ear Project/Final report/Latex/Figures/shortTermForecastResearchTable.pdf): PDF
 inclusion: found PDF version <1.7>, but at most version <1.5> allowed

<Figures/shortTermForecastResearchTable.pdf, id=338, page=3, 745.46204pt x 546.
29295pt>
File: Figures/shortTermForecastResearchTable.pdf Graphic file (type pdf)
 <use Figures/shortTermForecastResearchTable.pdf, page 3>
Package pdftex.def Info: Figures/shortTermForecastResearchTable.pdf, page3 used
 on input line 17.
(pdftex.def)             Requested size: 611.40686pt x 448.06316pt.


pdfTeX warning: pdflatex (file E:/Kings College London/Computer Science/Final Y
ear Project/Final report/Latex/Figures/shortTermForecastResearchTable.pdf): PDF
 inclusion: found PDF version <1.7>, but at most version <1.5> allowed

<Figures/shortTermForecastResearchTable.pdf, id=339, page=4, 745.46204pt x 546.
29295pt>
File: Figures/shortTermForecastResearchTable.pdf Graphic file (type pdf)
 <use Figures/shortTermForecastResearchTable.pdf, page 4>
Package pdftex.def Info: Figures/shortTermForecastResearchTable.pdf, page4 used
 on input line 23.
(pdftex.def)             Requested size: 611.40686pt x 448.06316pt.
 [83


] [84 <E:/Kings College London/Computer Science/Final Year Project/Final report
/Latex/Figures/shortTermForecastResearchTable.pdf, page is rotated 90 degrees>]
 [85 <E:/Kings College London/Computer Science/Final Year Project/Final report/
Latex/Figures/shortTermForecastResearchTable.pdf, page is rotated 90 degrees>] 
[86 <E:/Kings College London/Computer Science/Final Year Project/Final report/L
atex/Figures/shortTermForecastResearchTable.pdf, page is rotated 90 degrees>] [
87 <E:/Kings College London/Computer Science/Final Year Project/Final report/La
tex/Figures/shortTermForecastResearchTable.pdf, page is rotated 90 degrees>]
<Figures/UI/1.png, id=387, 1127.71312pt x 758.08218pt>
File: Figures/UI/1.png Graphic file (type png)
 <use Figures/UI/1.png>
Package pdftex.def Info: Figures/UI/1.png used on input line 31.
(pdftex.def)             Requested size: 577.43779pt x 388.17839pt.

<Figures/UI/2.png, id=388, 1127.71312pt x 758.08218pt>
File: Figures/UI/2.png Graphic file (type png)
 <use Figures/UI/2.png>
Package pdftex.def Info: Figures/UI/2.png used on input line 37.
(pdftex.def)             Requested size: 577.43779pt x 388.17839pt.

<Figures/UI/3.png, id=389, 1127.71312pt x 758.08218pt>
File: Figures/UI/3.png Graphic file (type png)
 <use Figures/UI/3.png>
Package pdftex.def Info: Figures/UI/3.png used on input line 43.
(pdftex.def)             Requested size: 577.43779pt x 388.17839pt.

<Figures/UI/4.png, id=390, 1127.71312pt x 758.08218pt>
File: Figures/UI/4.png Graphic file (type png)
 <use Figures/UI/4.png>
Package pdftex.def Info: Figures/UI/4.png used on input line 49.
(pdftex.def)             Requested size: 577.43779pt x 388.17839pt.

<Figures/UI/5.png, id=391, 1127.71312pt x 758.08218pt>
File: Figures/UI/5.png Graphic file (type png)
 <use Figures/UI/5.png>
Package pdftex.def Info: Figures/UI/5.png used on input line 55.
(pdftex.def)             Requested size: 577.43779pt x 388.17839pt.

<Figures/UI/6.png, id=392, 1127.71312pt x 758.08218pt>
File: Figures/UI/6.png Graphic file (type png)
 <use Figures/UI/6.png>
Package pdftex.def Info: Figures/UI/6.png used on input line 61.
(pdftex.def)             Requested size: 577.43779pt x 388.17839pt.

<Figures/UI/7.png, id=393, 1127.71312pt x 758.08218pt>
File: Figures/UI/7.png Graphic file (type png)
 <use Figures/UI/7.png>
Package pdftex.def Info: Figures/UI/7.png used on input line 67.
(pdftex.def)             Requested size: 577.43779pt x 388.17839pt.

<Figures/UI/8.png, id=394, 1129.97156pt x 782.925pt>
File: Figures/UI/8.png Graphic file (type png)
 <use Figures/UI/8.png>
Package pdftex.def Info: Figures/UI/8.png used on input line 73.
(pdftex.def)             Requested size: 577.43779pt x 400.09883pt.

<Figures/UI/9.png, id=395, 1129.97156pt x 782.925pt>
File: Figures/UI/9.png Graphic file (type png)
 <use Figures/UI/9.png>
Package pdftex.def Info: Figures/UI/9.png used on input line 79.
(pdftex.def)             Requested size: 577.43779pt x 400.09883pt.

<Figures/UI/10.png, id=396, 1129.97156pt x 782.925pt>
File: Figures/UI/10.png Graphic file (type png)
 <use Figures/UI/10.png>
Package pdftex.def Info: Figures/UI/10.png used on input line 85.
(pdftex.def)             Requested size: 577.43779pt x 400.09883pt.
)
[88

 <E:/Kings College London/Computer Science/Final Year Project/Final report/Late
x/Figures/UI/1.png>] [89 <E:/Kings College London/Computer Science/Final Year P
roject/Final report/Latex/Figures/UI/2.png>] [90 <E:/Kings College London/Compu
ter Science/Final Year Project/Final report/Latex/Figures/UI/3.png>]
[91 <E:/Kings College London/Computer Science/Final Year Project/Final report/L
atex/Figures/UI/4.png>] [92 <E:/Kings College London/Computer Science/Final Yea
r Project/Final report/Latex/Figures/UI/5.png>] [93 <E:/Kings College London/Co
mputer Science/Final Year Project/Final report/Latex/Figures/UI/6.png>]
[94 <E:/Kings College London/Computer Science/Final Year Project/Final report/L
atex/Figures/UI/7.png>] [95 <E:/Kings College London/Computer Science/Final Yea
r Project/Final report/Latex/Figures/UI/8.png>] [96 <E:/Kings College London/Co
mputer Science/Final Year Project/Final report/Latex/Figures/UI/9.png>]
[97 <E:/Kings College London/Computer Science/Final Year Project/Final report/L
atex/Figures/UI/10.png>]
("E:\Kings College London\Computer Science\Final Year Project\Final report\Late
x\Appendices/UserGuide.tex"
Appendix B.
[98



] ("C:\Program Files\MiKTeX 2.9\tex\latex\listings\lstlang1.sty"
File: lstlang1.sty 2014/09/06 1.5e listings language file
)
("C:\Program Files\MiKTeX 2.9\tex\latex\listings\lstmisc.sty"
File: lstmisc.sty 2014/09/06 1.5e (Carsten Heinz)
)
LaTeX Font Info:    Try loading font information for OML+lmr on input line 35.

("C:\Program Files\MiKTeX 2.9\tex\latex\lm\omllmr.fd"
File: omllmr.fd 2009/10/30 v1.6 Font defs for Latin Modern
)
LaTeX Font Info:    Font shape `OML/lmr/m/n' in size <10> not available
(Font)              Font shape `OML/lmm/m/it' tried instead on input line 35.
 [99])
Overfull \hbox (11.96777pt too wide) in paragraph at lines 57--162
\OT1/lmr/m/n/10 The database used for this project is Post-greSQL 9.4 $\OT1/lmt
t/m/n/10 https : / / wiki . postgresql .$
 []


Overfull \hbox (2.9593pt too wide) in paragraph at lines 57--162
$\OT1/lmtt/m/n/10 org / wiki / What \ %27s _ new _ in _ PostgreSQL _ 9 . 4$\OT1
/lmr/m/n/10 . The database cre-ation scripts
 []

[100] [101]
("E:\Kings College London\Computer Science\Final Year Project\Final report\Late
x\Appendices/SourceCode.tex"
Appendix C.
[102



]
("E:\Kings College London\Computer Science\Final Year Project\Final report\Late
x\KD-Final Report.lol" [103

] [104])
\tf@lol=\write4

("C:\Program Files\MiKTeX 2.9\tex\latex\listings\lstlang1.sty"
File: lstlang1.sty 2014/09/06 1.5e listings language file
)
("C:\Program Files\MiKTeX 2.9\tex\latex\listings\lstlang2.sty"
File: lstlang2.sty 2014/09/06 1.5e listings language file
)
("C:\Program Files\MiKTeX 2.9\tex\latex\listings\lstlang3.sty"
File: lstlang3.sty 2014/09/06 1.5e listings language file
)
Overfull \hbox (6.0pt too wide) in paragraph at lines 11--11
[][][][][][][] 
 []


("E:\Kings College London\Computer Science\Final Year Project\Final report\Late
x\SourceCode/DisruptionEngine/app.scala" [105]) [106]
Overfull \hbox (6.0pt too wide) in paragraph at lines 12--12
[][][][][][][] 
 []


("E:\Kings College London\Computer Science\Final Year Project\Final report\Late
x\SourceCode/DisruptionEngine/BusStop.scala" [107] [108]
Overfull \hbox (36.5942pt too wide) in paragraph at lines 75--76
[][][][][][][][][][][][][][][][][][][][][][][][][][][] 
 []

)
Overfull \hbox (6.0pt too wide) in paragraph at lines 13--13
[][][][][][][] 
 []


("E:\Kings College London\Computer Science\Final Year Project\Final report\Late
x\SourceCode/DisruptionEngine/CustomFilenameFilter.scala" [109])
Overfull \hbox (6.0pt too wide) in paragraph at lines 14--14
[][][][][][][] 
 []


("E:\Kings College London\Computer Science\Final Year Project\Final report\Late
x\SourceCode/DisruptionEngine/DBConnectionPool.scala" [110] [111] [112]
[113])
Overfull \hbox (6.0pt too wide) in paragraph at lines 15--15
[][][][][][][] 
 []


("E:\Kings College London\Computer Science\Final Year Project\Final report\Late
x\SourceCode/DisruptionEngine/DBTransaction.scala" [114]
Overfull \hbox (36.5942pt too wide) in paragraph at lines 32--33
[][][][][][][][][][][][][][][][][][][][][][][][][][][] 
 []

[115] [116])
Overfull \hbox (6.0pt too wide) in paragraph at lines 16--16
[][][][][][][] 
 []


("E:\Kings College London\Computer Science\Final Year Project\Final report\Late
x\SourceCode/DisruptionEngine/Disruption.scala" [117] [118] [119] [120]
[121]
Overfull \hbox (3.51926pt too wide) in paragraph at lines 164--165
[][][][][][][][][][][]  
 []

[122]
Overfull \hbox (3.51926pt too wide) in paragraph at lines 196--197
[][][][][][][][][][][]  
 []

[123] [124]
Overfull \hbox (36.5942pt too wide) in paragraph at lines 259--260
[][][][][][][][][][][][][][][][][][][][][][][][][][][] 
 []

) [125]
Overfull \hbox (6.0pt too wide) in paragraph at lines 17--17
[][][][][][][] 
 []


("E:\Kings College London\Computer Science\Final Year Project\Final report\Late
x\SourceCode/DisruptionEngine/Environment.scala" [126] [127] [128]
Overfull \hbox (23.36429pt too wide) in paragraph at lines 106--107
[][][][][][][][][][][][][][][][][][]  
 []


Overfull \hbox (28.08928pt too wide) in paragraph at lines 110--111
[][][][][][][][][][][][][][][][][][]  
 []


Overfull \hbox (23.36429pt too wide) in paragraph at lines 114--115
[][][][][][][][][][][][][][][][][][]  
 []


Overfull \hbox (9.18932pt too wide) in paragraph at lines 118--119
[][][][][][][][][][][][][][][][][][]  
 []


Overfull \hbox (13.9143pt too wide) in paragraph at lines 122--123
[][][][][][][][][][][][][][][][][][]  
 []

[129]
Overfull \hbox (18.6393pt too wide) in paragraph at lines 126--127
[][][][][][][][][][][][][][][][][][]  
 []

[130] [131])
Overfull \hbox (6.0pt too wide) in paragraph at lines 18--18
[][][][][][][] 
 []

[132]
("E:\Kings College London\Computer Science\Final Year Project\Final report\Late
x\SourceCode/DisruptionEngine/FeedThread.scala" [133] [134]
Overfull \hbox (70.6142pt too wide) in paragraph at lines 73--74
[][][][][][][][][][][][][][][] 
 []

[135] [136])
Overfull \hbox (6.0pt too wide) in paragraph at lines 19--19
[][][][][][][] 
 []


("E:\Kings College London\Computer Science\Final Year Project\Final report\Late
x\SourceCode/DisruptionEngine/iBusMonitor.scala" [137]
Overfull \hbox (60.06418pt too wide) in paragraph at lines 39--40
[][][][][][][][][][][][][][][][][][][][][][] 
 []

[138] [139]
Overfull \hbox (94.23915pt too wide) in paragraph at lines 112--113
[][][][][][][][][][][][][][][] 
 []

[140])
Overfull \hbox (6.0pt too wide) in paragraph at lines 20--20
[][][][][][][] 
 []


("E:\Kings College London\Computer Science\Final Year Project\Final report\Late
x\SourceCode/DisruptionEngine/MissingData.scala" [141] [142])
Overfull \hbox (6.0pt too wide) in paragraph at lines 21--21
[][][][][][][] 
 []


("E:\Kings College London\Computer Science\Final Year Project\Final report\Late
x\SourceCode/DisruptionEngine/Network.scala" [143] [144] [145]
Overfull \hbox (17.69423pt too wide) in paragraph at lines 87--88
[][][][][][][][][][][]  
 []


Overfull \hbox (46.04417pt too wide) in paragraph at lines 88--89
[][][][][][][][][][][][][]  
 []

[146])
Overfull \hbox (6.0pt too wide) in paragraph at lines 22--22
[][][][][][][] 
 []


("E:\Kings College London\Computer Science\Final Year Project\Final report\Late
x\SourceCode/DisruptionEngine/Observation.scala" [147] [148] [149]
Overfull \hbox (4.46432pt too wide) in paragraph at lines 83--84
[][][][][][][][][][][][][][][]  
 []

[150])
Overfull \hbox (6.0pt too wide) in paragraph at lines 23--23
[][][][][][][] 
 []


("E:\Kings College London\Computer Science\Final Year Project\Final report\Late
x\SourceCode/DisruptionEngine/OutputWriter.scala"
Overfull \hbox (251.10892pt too wide) in paragraph at lines 25--27
[][][][][][][][][][][][][][][][][][][][][][][][][][][][][][][][][][][][][][][][
][][][][][][][][][][][][][][][][][][][][][][][][]  
 []

[151] [152] [153])
Overfull \hbox (6.0pt too wide) in paragraph at lines 24--24
[][][][][][][] 
 []


("E:\Kings College London\Computer Science\Final Year Project\Final report\Late
x\SourceCode/DisruptionEngine/Route.scala" [154] [155] [156] [157]) [158]
Overfull \hbox (6.0pt too wide) in paragraph at lines 25--25
[][][][][][][] 
 []


("E:\Kings College London\Computer Science\Final Year Project\Final report\Late
x\SourceCode/DisruptionEngine/Run.scala" [159] [160] [161] [162] [163] [164]
[165] [166])
Overfull \hbox (6.0pt too wide) in paragraph at lines 26--26
[][][][][][][] 
 []


("E:\Kings College London\Computer Science\Final Year Project\Final report\Late
x\SourceCode/DisruptionEngine/CustomFilenameFilter.scala" [167])
Overfull \hbox (6.0pt too wide) in paragraph at lines 27--27
[][][][][][][] 
 []


("E:\Kings College London\Computer Science\Final Year Project\Final report\Late
x\SourceCode/DisruptionEngine/SystemMonitor.scala" [168] [169])
Overfull \hbox (6.0pt too wide) in paragraph at lines 28--28
[][][][][][][] 
 []


("E:\Kings College London\Computer Science\Final Year Project\Final report\Late
x\SourceCode/DisruptionEngine/TripType.scala" [170])
Overfull \hbox (6.0pt too wide) in paragraph at lines 31--31
[][][][][][][] 
 []


("E:\Kings College London\Computer Science\Final Year Project\Final report\Late
x\SourceCode/DisruptionEngine/Test/BusNetworkTest.scala" [171]) [172]
Overfull \hbox (6.0pt too wide) in paragraph at lines 32--32
[][][][][][][] 
 []


("E:\Kings College London\Computer Science\Final Year Project\Final report\Late
x\SourceCode/DisruptionEngine/Test/BusStopTest.scala" [173] [174])
Overfull \hbox (6.0pt too wide) in paragraph at lines 33--33
[][][][][][][] 
 []


("E:\Kings College London\Computer Science\Final Year Project\Final report\Late
x\SourceCode/DisruptionEngine/Test/DisruptionTest.scala" [175] [176] [177]
[178])
Overfull \hbox (6.0pt too wide) in paragraph at lines 34--34
[][][][][][][] 
 []


("E:\Kings College London\Computer Science\Final Year Project\Final report\Late
x\SourceCode/DisruptionEngine/Test/EnvironmentTest.scala" [179] [180] [181])
Overfull \hbox (6.0pt too wide) in paragraph at lines 35--35
[][][][][][][] 
 []


("E:\Kings College London\Computer Science\Final Year Project\Final report\Late
x\SourceCode/DisruptionEngine/Test/ObservationTest.scala" [182]
Overfull \hbox (51.71423pt too wide) in paragraph at lines 14--15
[][][][][][][][][]  
 []


Overfull \hbox (42.26425pt too wide) in paragraph at lines 15--16
[][][][][][][][][][][][][][][]  
 []


Overfull \hbox (46.98924pt too wide) in paragraph at lines 16--17
[][][][][][][][][]  
 []


Overfull \hbox (37.53926pt too wide) in paragraph at lines 18--19
[][][][][][][][][]  
 []


Overfull \hbox (51.71423pt too wide) in paragraph at lines 19--20
[][][][][][][][][]  
 []


Overfull \hbox (51.71423pt too wide) in paragraph at lines 20--21
[][][][][][][][]  
 []


Overfull \hbox (174.564pt too wide) in paragraph at lines 24--25
[][][][][][][][][]  
 []


Overfull \hbox (174.564pt too wide) in paragraph at lines 25--26
[][][][][][][][][]  
 []


Overfull \hbox (179.28899pt too wide) in paragraph at lines 26--27
[][][][][][][][][][][][][][][]  
 []

[183]
Overfull \hbox (160.38902pt too wide) in paragraph at lines 27--28
[][][][][][][][][][][][][][][]  
 []


Overfull \hbox (169.839pt too wide) in paragraph at lines 28--29
[][][][][][][][][]  
 []


Overfull \hbox (165.11401pt too wide) in paragraph at lines 29--30
[][][][][][][][]  
 []

[184]
Overfull \hbox (46.98924pt too wide) in paragraph at lines 82--83
[][][][][][][][]  
 []


Overfull \hbox (46.98924pt too wide) in paragraph at lines 83--84
[][][][][][][][]  
 []

[185])
Overfull \hbox (6.0pt too wide) in paragraph at lines 36--36
[][][][][][][] 
 []


("E:\Kings College London\Computer Science\Final Year Project\Final report\Late
x\SourceCode/DisruptionEngine/Test/RunTest.scala" [186] [187] [188] [189])
Overfull \hbox (6.0pt too wide) in paragraph at lines 37--37
[][][][][][][] 
 []


("E:\Kings College London\Computer Science\Final Year Project\Final report\Late
x\SourceCode/DisruptionEngine/Test/SectionTest.scala" [190] [191] [192])
Overfull \hbox (6.0pt too wide) in paragraph at lines 38--38
[][][][][][][] 
 []


("E:\Kings College London\Computer Science\Final Year Project\Final report\Late
x\SourceCode/DisruptionEngine/Test/UnitSpec.scala") [193]
("C:\Program Files\MiKTeX 2.9\tex\latex\listings\lstlang1.sty"
File: lstlang1.sty 2014/09/06 1.5e listings language file
)
Overfull \hbox (6.0pt too wide) in paragraph at lines 45--45
[][][][][][][] 
 []


("E:\Kings College London\Computer Science\Final Year Project\Final report\Late
x\SourceCode/WebApplication/views/disruption/_comments.html.erb" [194])
Overfull \hbox (6.0pt too wide) in paragraph at lines 46--46
[][][][][][][] 
 []


("E:\Kings College London\Computer Science\Final Year Project\Final report\Late
x\SourceCode/WebApplication/views/disruption/_details.html.erb" [195])
Overfull \hbox (6.0pt too wide) in paragraph at lines 47--47
[][][][][][][] 
 []


("E:\Kings College London\Computer Science\Final Year Project\Final report\Late
x\SourceCode/WebApplication/views/disruption/_list.erb" [196] [197]
Overfull \hbox (9.18861pt too wide) in paragraph at lines 59--60
[][][][][][][][][][] 
 []

[198] [199]
Overfull \hbox (24.3083pt too wide) in paragraph at lines 79--80
[][][][][][][][][][][][][][][][][][][][][][][][][][][][] 
 []


Overfull \hbox (24.3083pt too wide) in paragraph at lines 81--82
[][][][][][][][][][][][][][][][][][][][][][][][][][][][] 
 []

) [200]
Overfull \hbox (6.0pt too wide) in paragraph at lines 48--48
[][][][][][][] 
 []


("E:\Kings College London\Computer Science\Final Year Project\Final report\Late
x\SourceCode/WebApplication/views/disruption/index.html.erb" [201])
Overfull \hbox (6.0pt too wide) in paragraph at lines 50--50
[][][][][][][] 
 []


("E:\Kings College London\Computer Science\Final Year Project\Final report\Late
x\SourceCode/WebApplication/views/history/_list.html.erb" [202] [203] [204]
Overfull \hbox (9.18861pt too wide) in paragraph at lines 54--55
[][][][][][][][][][] 
 []

[205])
Overfull \hbox (6.0pt too wide) in paragraph at lines 51--51
[][][][][][][] 
 []


("E:\Kings College London\Computer Science\Final Year Project\Final report\Late
x\SourceCode/WebApplication/views/history/index.html.erb" [206] [207] [208])
Overfull \hbox (6.0pt too wide) in paragraph at lines 54--54
[][][][][][][] 
 []


("E:\Kings College London\Computer Science\Final Year Project\Final report\Late
x\SourceCode/WebApplication/views/layouts/_flash.html.erb" [209])
Overfull \hbox (6.0pt too wide) in paragraph at lines 55--55
[][][][][][][] 
 []


("E:\Kings College London\Computer Science\Final Year Project\Final report\Late
x\SourceCode/WebApplication/views/layouts/_loginModal.erb") [210]
Overfull \hbox (6.0pt too wide) in paragraph at lines 56--56
[][][][][][][] 
 []


("E:\Kings College London\Computer Science\Final Year Project\Final report\Late
x\SourceCode/WebApplication/views/layouts/_privacyModal.erb" [211]
Overfull \hbox (361.6735pt too wide) in paragraph at lines 47--48
[][][][][][][][][][][][][][][][][][][][][][][][][][][][][][][][][][][][][][][][
][][][][][][][][][][][][][][][][][][][][][][][][][][][][][][][][][][][][][][][]
[][][][][][][][][][][][][][][][][][][][][][][][][][][][][] 
 []

[212])
Overfull \hbox (6.0pt too wide) in paragraph at lines 57--57
[][][][][][][] 
 []


("E:\Kings College London\Computer Science\Final Year Project\Final report\Late
x\SourceCode/WebApplication/views/layouts/_termsModal.erb" [213] [214])
Overfull \hbox (6.0pt too wide) in paragraph at lines 58--58
[][][][][][][] 
 []


("E:\Kings College London\Computer Science\Final Year Project\Final report\Late
x\SourceCode/WebApplication/views/layouts/application.html.erb" [215] [216]
[217]) [218]
Overfull \hbox (6.0pt too wide) in paragraph at lines 60--60
[][][][][][][] 
 []


("E:\Kings College London\Computer Science\Final Year Project\Final report\Late
x\SourceCode/WebApplication/views/main/_engineSpeedControl.erb")
Overfull \hbox (6.0pt too wide) in paragraph at lines 61--61
[][][][][][][] 
 []


("E:\Kings College London\Computer Science\Final Year Project\Final report\Late
x\SourceCode/WebApplication/views/main/about.html.erb" [219] [220] [221])
Overfull \hbox (6.0pt too wide) in paragraph at lines 63--63
[][][][][][][] 
 []


("E:\Kings College London\Computer Science\Final Year Project\Final report\Late
x\SourceCode/WebApplication/views/settings/_edit.html.erb" [222])
Overfull \hbox (6.0pt too wide) in paragraph at lines 64--64
[][][][][][][] 
 []


("E:\Kings College London\Computer Science\Final Year Project\Final report\Late
x\SourceCode/WebApplication/views/settings/index.html.erb" [223] [224])
("C:\Program Files\MiKTeX 2.9\tex\latex\listings\lstlang1.sty"
File: lstlang1.sty 2014/09/06 1.5e listings language file
)
("C:\Program Files\MiKTeX 2.9\tex\latex\listings\lstlang2.sty"
File: lstlang2.sty 2014/09/06 1.5e listings language file
)
Overfull \hbox (6.0pt too wide) in paragraph at lines 67--67
[][][][][][][] 
 []


("E:\Kings College London\Computer Science\Final Year Project\Final report\Late
x\SourceCode/WebApplication/controllers/application_controller.rb" [225])
Overfull \hbox (6.0pt too wide) in paragraph at lines 68--68
[][][][][][][] 
 []


("E:\Kings College London\Computer Science\Final Year Project\Final report\Late
x\SourceCode/WebApplication/controllers/disruption_controller.rb" [226]
[227] [228] [229] [230] [231] [232] [233])
Overfull \hbox (6.0pt too wide) in paragraph at lines 69--69
[][][][][][][] 
 []


("E:\Kings College London\Computer Science\Final Year Project\Final report\Late
x\SourceCode/WebApplication/controllers/history_controller.rb" [234] [235]
[236])
Overfull \hbox (6.0pt too wide) in paragraph at lines 70--70
[][][][][][][] 
 []


("E:\Kings College London\Computer Science\Final Year Project\Final report\Late
x\SourceCode/WebApplication/controllers/main_controller.rb" [237] [238])
Overfull \hbox (6.0pt too wide) in paragraph at lines 71--71
[][][][][][][] 
 []


("E:\Kings College London\Computer Science\Final Year Project\Final report\Late
x\SourceCode/WebApplication/controllers/settings_controller.rb" [239])
Overfull \hbox (6.0pt too wide) in paragraph at lines 74--74
[][][][][][][] 
 []


("E:\Kings College London\Computer Science\Final Year Project\Final report\Late
x\SourceCode/WebApplication/helpers/application_helper.rb" [240])
Overfull \hbox (6.0pt too wide) in paragraph at lines 75--75
[][][][][][][] 
 []


("E:\Kings College London\Computer Science\Final Year Project\Final report\Late
x\SourceCode/WebApplication/helpers/disruption_helper.rb" [241])
Overfull \hbox (6.0pt too wide) in paragraph at lines 78--78
[][][][][][][] 
 []


("E:\Kings College London\Computer Science\Final Year Project\Final report\Late
x\SourceCode/WebApplication/models/bus_stop.rb" [242])
Overfull \hbox (6.0pt too wide) in paragraph at lines 79--79
[][][][][][][] 
 []


("E:\Kings College London\Computer Science\Final Year Project\Final report\Late
x\SourceCode/WebApplication/models/Disruption.rb" [243] [244] [245])
Overfull \hbox (6.0pt too wide) in paragraph at lines 80--80
[][][][][][][] 
 []


("E:\Kings College London\Computer Science\Final Year Project\Final report\Late
x\SourceCode/WebApplication/models/disruption_comment.rb")
Overfull \hbox (6.0pt too wide) in paragraph at lines 81--81
[][][][][][][] 
 []


("E:\Kings College London\Computer Science\Final Year Project\Final report\Late
x\SourceCode/WebApplication/models/engine_configuration.rb")
Overfull \hbox (6.0pt too wide) in paragraph at lines 82--82
[][][][][][][] 
 []


("E:\Kings College London\Computer Science\Final Year Project\Final report\Late
x\SourceCode/WebApplication/models/operator.rb" [246])
Overfull \hbox (6.0pt too wide) in paragraph at lines 83--83
[][][][][][][] 
 []


("E:\Kings College London\Computer Science\Final Year Project\Final report\Late
x\SourceCode/WebApplication/models/section.rb" [247])
Overfull \hbox (6.0pt too wide) in paragraph at lines 84--84
[][][][][][][] 
 []


("E:\Kings College London\Computer Science\Final Year Project\Final report\Late
x\SourceCode/WebApplication/models/sections_lost_time.rb")
("C:\Program Files\MiKTeX 2.9\tex\latex\listings\lstlang1.sty"
File: lstlang1.sty 2014/09/06 1.5e listings language file
)
Overfull \hbox (6.0pt too wide) in paragraph at lines 89--89
[][][][][][][] 
 []


("E:\Kings College London\Computer Science\Final Year Project\Final report\Late
x\SourceCode/Database/iBusDisruptionDB.backup" [248] [249] [250] [251] [252]
[253] [254] [255] [256] [257] [258] [259] [260] [261] [262] [263] [264]
[265])) [266]
("E:\Kings College London\Computer Science\Final Year Project\Final report\Late
x\KD-Final Report.aux"
("E:\Kings College London\Computer Science\Final Year Project\Final report\Late
x\Chapters/Introduction.aux")
("E:\Kings College London\Computer Science\Final Year Project\Final report\Late
x\Chapters/Background.aux")
("E:\Kings College London\Computer Science\Final Year Project\Final report\Late
x\Chapters/Specification.aux")
("E:\Kings College London\Computer Science\Final Year Project\Final report\Late
x\Chapters/Design.aux")
("E:\Kings College London\Computer Science\Final Year Project\Final report\Late
x\Chapters/Implementation.aux")
("E:\Kings College London\Computer Science\Final Year Project\Final report\Late
x\Chapters/Testing.aux")
("E:\Kings College London\Computer Science\Final Year Project\Final report\Late
x\Chapters/Evaluation.aux")
("E:\Kings College London\Computer Science\Final Year Project\Final report\Late
x\Chapters/ProfessionalIssues.aux")
("E:\Kings College London\Computer Science\Final Year Project\Final report\Late
x\Chapters/Conclusion.aux")
("E:\Kings College London\Computer Science\Final Year Project\Final report\Late
x\Appendices/appendix.aux")
("E:\Kings College London\Computer Science\Final Year Project\Final report\Late
x\Appendices/UserGuide.aux")
("E:\Kings College London\Computer Science\Final Year Project\Final report\Late
x\Appendices/SourceCode.aux")) ) 
Here is how much of TeX's memory you used:
 8045 strings out of 493921
 140834 string characters out of 3147267
 251418 words of memory out of 3000000
 10898 multiletter control sequences out of 15000+200000
 56494 words of font info for 44 fonts, out of 3000000 for 9000
 841 hyphenation exceptions out of 8191
 36i,10n,53p,2592b,1770s stack positions out of 5000i,500n,10000p,200000b,50000s
{C:/Program Files/MiKTeX 2.9/fonts/enc/dvips/lm
/lm-rmtt.enc}{C:/Program Files/MiKTeX 2.9/fonts/enc/dvips/lm/lm-rm.enc}{C:/Prog
ram Files/MiKTeX 2.9/fonts/enc/dvips/lm/lm-mathit.enc}{C:/Program Files/MiKTeX 
2.9/fonts/enc/dvips/lm/lm-mathsy.enc}{C:/Program Files/MiKTeX 2.9/fonts/enc/dvi
ps/lm/lm-mathex.enc}<C:/Program Files/MiKTeX 2.9/fonts/type1/public/lm/lmbx10.p
fb><C:/Program Files/MiKTeX 2.9/fonts/type1/public/lm/lmbx12.pfb><C:/Program Fi
les/MiKTeX 2.9/fonts/type1/public/lm/lmex10.pfb><C:/Program Files/MiKTeX 2.9/fo
nts/type1/public/lm/lmmi10.pfb><C:/Program Files/MiKTeX 2.9/fonts/type1/public/
lm/lmmi7.pfb><C:/Program Files/MiKTeX 2.9/fonts/type1/public/lm/lmr10.pfb><C:/P
rogram Files/MiKTeX 2.9/fonts/type1/public/lm/lmr12.pfb><C:/Program Files/MiKTe
X 2.9/fonts/type1/public/lm/lmr5.pfb><C:/Program Files/MiKTeX 2.9/fonts/type1/p
ublic/lm/lmr6.pfb><C:/Program Files/MiKTeX 2.9/fonts/type1/public/lm/lmr7.pfb><
C:/Program Files/MiKTeX 2.9/fonts/type1/public/lm/lmr8.pfb><C:/Program Files/Mi
KTeX 2.9/fonts/type1/public/lm/lmri10.pfb><C:/Program Files/MiKTeX 2.9/fonts/ty
pe1/public/lm/lmsy10.pfb><C:/Program Files/MiKTeX 2.9/fonts/type1/public/lm/lms
y7.pfb><C:/Program Files/MiKTeX 2.9/fonts/type1/public/lm/lmtt10.pfb><C:/Progra
m Files/MiKTeX 2.9/fonts/type1/public/lm/lmtt8.pfb><C:/Program Files/MiKTeX 2.9
/fonts/type1/public/lm/lmtt9.pfb>
Output written on "KD-Final Report.pdf" (270 pages, 4455783 bytes).
PDF statistics:
 1033 PDF objects out of 1200 (max. 8388607)
 0 named destinations out of 1000 (max. 500000)
 211 words of extra memory for PDF output out of 10000 (max. 10000000)

